============================= test session starts =============================
platform win32 -- Python 3.11.14, pytest-9.1.1, pluggy-1.6.0 -- C:\Users\zc_lizhiqian\projects\RehabFlow\backend\.venv\Scripts\python.exe
cachedir: .pytest_cache
rootdir: C:\Users\zc_lizhiqian\projects\RehabFlow\backend
plugins: anyio-4.12.1, asyncio-1.4.0
asyncio: mode=Mode.STRICT, debug=False, asyncio_default_fixture_loop_scope=None, asyncio_default_test_loop_scope=function
collecting ... collected 98 items

tests/test_alerts.py::test_list_alerts_open_only PASSED                  [  1%]
tests/test_alerts.py::test_list_alerts_admin_only PASSED                 [  2%]
tests/test_alerts.py::test_resolve_alert PASSED                          [  3%]
tests/test_alerts.py::test_ignore_alert PASSED                           [  4%]
tests/test_alerts.py::test_resolve_nonexistent_alert PASSED              [  5%]
tests/test_alerts.py::test_alert_idempotent PASSED                       [  6%]
tests/test_alerts.py::test_remind_creates_notifications_and_transitions PASSED [  7%]
tests/test_alerts.py::test_overdue_detection_creates_alert PASSED        [  8%]
tests/test_auth.py::test_register_all_roles PASSED                       [  9%]
tests/test_auth.py::test_register_duplicate_username_409 PASSED          [ 10%]
tests/test_auth.py::test_register_invalid_role_422 PASSED                [ 11%]
tests/test_auth.py::test_login_and_me_returns_role PASSED                [ 12%]
tests/test_auth.py::test_login_wrong_password_401 PASSED                 [ 13%]
tests/test_auth.py::test_me_without_token_401 PASSED                     [ 14%]
tests/test_auth.py::test_refresh_token_flow PASSED                       [ 15%]
tests/test_auth.py::test_refresh_with_access_token_401 PASSED            [ 16%]
tests/test_courses.py::test_course_state_machine_scheduled_ongoing_completed PASSED [ 17%]
tests/test_courses.py::test_start_requires_scheduled_only PASSED         [ 18%]
tests/test_courses.py::test_finish_requires_ongoing_only PASSED          [ 19%]
tests/test_courses.py::test_patient_soft_checkin_treating_ward PASSED    [ 20%]
tests/test_courses.py::test_status_logs_written PASSED                   [ 21%]
tests/test_dashboard.py::test_kpis_structure PASSED                      [ 22%]
tests/test_dashboard.py::test_kpis_inpatient_count PASSED                [ 23%]
tests/test_dashboard.py::test_kpis_treating_count_after_start PASSED     [ 24%]
tests/test_dashboard.py::test_distribution_structure PASSED              [ 25%]
tests/test_dashboard.py::test_distribution_seed_patients_ward PASSED     [ 26%]
tests/test_dashboard.py::test_workload_structure PASSED                  [ 27%]
tests/test_dashboard.py::test_workload_with_courses PASSED               [ 28%]
tests/test_dashboard.py::test_trend_structure PASSED                     [ 29%]
tests/test_dashboard.py::test_trend_fills_zero_for_empty_days PASSED     [ 30%]
tests/test_dashboard.py::test_dashboard_kpis_admin_only PASSED           [ 31%]
tests/test_dashboard.py::test_dashboard_distribution_admin_only PASSED   [ 32%]
tests/test_dashboard.py::test_dashboard_workload_admin_only PASSED       [ 33%]
tests/test_dashboard.py::test_dashboard_trend_admin_only PASSED          [ 34%]
tests/test_dashboard.py::test_dashboard_unauthenticated_401 PASSED       [ 35%]
tests/test_m2_flows.py::test_create_course_writes_course_new_notifications FAILED [ 36%]
tests/test_m2_flows.py::test_reminded_course_can_start FAILED            [ 37%]
tests/test_m2_flows.py::test_overdue_detection_notifies_therapist FAILED [ 38%]
tests/test_m2_flows.py::test_pre_class_reminder_idempotent PASSED        [ 39%]
tests/test_m2_flows.py::test_overdue_detection_idempotent PASSED         [ 40%]
tests/test_m2_flows.py::test_patrol_idempotent PASSED                    [ 41%]
tests/test_notifications.py::test_list_notifications_unread_first PASSED [ 42%]
tests/test_notifications.py::test_list_notifications_only_own PASSED     [ 43%]
tests/test_notifications.py::test_unread_count PASSED                    [ 44%]
tests/test_notifications.py::test_mark_read PASSED                       [ 45%]
tests/test_notifications.py::test_mark_all_read PASSED                   [ 46%]
tests/test_notifications.py::test_mark_read_not_own PASSED               [ 47%]
tests/test_patient360.py::test_overview_structure PASSED                 [ 48%]
tests/test_patient360.py::test_overview_current_location_from_status_log PASSED [ 50%]
tests/test_patient360.py::test_overview_includes_courses PASSED          [ 51%]
tests/test_patient360.py::test_overview_weekly_distribution PASSED       [ 52%]
tests/test_patient360.py::test_assessments_list_empty PASSED             [ 53%]
tests/test_patient360.py::test_assessments_create_and_list PASSED        [ 54%]
tests/test_patient360.py::test_assessments_sorted_desc PASSED            [ 55%]
tests/test_patient360.py::test_assessment_trend_returns_correct_type PASSED [ 56%]
tests/test_patient360.py::test_assessment_trend_empty_for_no_data PASSED [ 57%]
tests/test_patient360.py::test_doctor_sees_own_patients_200 PASSED       [ 58%]
tests/test_patient360.py::test_doctor_cannot_see_other_doctors_patients_404 PASSED [ 59%]
tests/test_patient360.py::test_therapist_only_can_create_assessment PASSED [ 60%]
tests/test_patient360.py::test_unauthenticated_overview_401 PASSED       [ 61%]
tests/test_patient360.py::test_doctor_accesses_assessments_200 PASSED    [ 62%]
tests/test_permissions.py::test_unauthenticated_protected_routes_401 PASSED [ 63%]
tests/test_permissions.py::test_patient_access_admin_route_403 PASSED    [ 64%]
tests/test_permissions.py::test_therapist_access_admin_route_403 PASSED  [ 65%]
tests/test_permissions.py::test_doctor_access_admin_route_403 PASSED     [ 66%]
tests/test_permissions.py::test_therapist_cannot_start_other_therapists_course_403 PASSED [ 67%]
tests/test_permissions.py::test_own_therapist_can_start_200 PASSED       [ 68%]
tests/test_permissions.py::test_admin_can_start_any_course_200 PASSED    [ 69%]
tests/test_query_api.py::test_admin_list_courses_200 PASSED              [ 70%]
tests/test_query_api.py::test_admin_can_filter_by_therapist_id PASSED    [ 71%]
tests/test_query_api.py::test_admin_can_filter_by_group PASSED           [ 72%]
tests/test_query_api.py::test_admin_can_filter_by_room_id PASSED         [ 73%]
tests/test_query_api.py::test_admin_can_filter_by_date_range PASSED      [ 74%]
tests/test_query_api.py::test_therapist_only_sees_own_courses PASSED     [ 75%]
tests/test_query_api.py::test_admin_get_course_detail_200 PASSED         [ 76%]
tests/test_query_api.py::test_therapist_get_own_course_detail_200 PASSED [ 77%]
tests/test_query_api.py::test_therapist_cannot_get_other_course_detail PASSED [ 78%]
tests/test_query_api.py::test_course_detail_404 PASSED                   [ 79%]
tests/test_query_api.py::test_admin_get_resources_200 PASSED             [ 80%]
tests/test_query_api.py::test_non_admin_cannot_access_resources PASSED   [ 81%]
tests/test_query_api.py::test_unauthorized_cannot_access_resources PASSED [ 82%]
tests/test_query_api.py::test_admin_get_pool_200 PASSED                  [ 83%]
tests/test_query_api.py::test_pool_excludes_patients_with_courses_today PASSED [ 84%]
tests/test_query_api.py::test_therapist_schedule_200_with_free_slots PASSED [ 85%]
tests/test_query_api.py::test_schedule_small_gaps_not_free_slots PASSED  [ 86%]
tests/test_query_api.py::test_non_therapist_cannot_access_schedule PASSED [ 87%]
tests/test_query_api.py::test_unauthorized_cannot_access_schedule PASSED [ 88%]
tests/test_query_api.py::test_schedule_only_own_courses PASSED           [ 89%]
tests/test_query_api.py::test_course_list_401_unauthenticated PASSED     [ 90%]
tests/test_scheduling.py::test_create_course_no_conflict_201 PASSED      [ 91%]
tests/test_scheduling.py::test_patient_conflict_same_time_409 PASSED     [ 92%]
tests/test_scheduling.py::test_therapist_conflict_same_time_409 PASSED   [ 93%]
tests/test_scheduling.py::test_patient_different_time_no_conflict_201 PASSED [ 94%]
tests/test_scheduling.py::test_course_15min_granularity_422 PASSED       [ 95%]
tests/test_scheduling.py::test_course_end_before_start_422 PASSED        [ 96%]
tests/test_scheduling.py::test_create_course_requires_admin_403 PASSED   [ 97%]
tests/test_smoke.py::test_full_chain_smoke PASSED                        [ 98%]
tests/test_smoke_m2.py::test_full_chain_smoke_m2 PASSED                  [100%]

================================== FAILURES ===================================
_____________ test_create_course_writes_course_new_notifications ______________

client = <starlette.testclient.TestClient object at 0x000002936144D0D0>
actor_set = ({'Authorization': 'Bearer eyJhbGciOiJIUzI1NiIsInR5cCI6IkpXVCJ9.eyJzdWIiOiI3MyIsInJvbGUiOiJhZG1pbiIsImlhdCI6MTc4NTkxND...VzcyIsImp0aSI6IjhiZTZjMDdkZTMxYjQxNDc5ZDZlNGMxNTJkNDFhOTQ5In0.GbCLlMJM4pFMkSDdmxAYvdtlnVZ8J-FcG5dXkYXgI1Y'}, 24, 25, 1)

    def test_create_course_writes_course_new_notifications(client, actor_set):
        """[BUG-6] PRD §5 / flows.md 流程1：排课成功 → 患者+康复师收到 course_new 站内信。
    
        当前实现：send_course_new_notifications 定义但从未被调用（grep 仅 notifications.py
        内部），POST /courses 不写任何通知 → 本用例失败即为缺陷证据。
        """
        H_admin, H_ther, pid, tid, rid = actor_set
        _create_course_api(client, H_admin, pid, tid, rid, day_offset=60)
    
        # 康复师应收到 course_new
        r = client.get("/api/v1/notifications", headers=H_ther)
        assert r.status_code == 200
        course_new = [i for i in r.json()["items"] if i["type"] == "course_new"]
>       assert len(course_new) >= 1, "排课成功后康复师应收到 course_new 通知（当前缺失 → BUG-6）"
E       AssertionError: 排课成功后康复师应收到 course_new 通知（当前缺失 → BUG-6）
E       assert 0 >= 1
E        +  where 0 = len([])

tests\test_m2_flows.py:114: AssertionError
_______________________ test_reminded_course_can_start ________________________

client = <starlette.testclient.TestClient object at 0x000002936144D0D0>
actor_set = ({'Authorization': 'Bearer eyJhbGciOiJIUzI1NiIsInR5cCI6IkpXVCJ9.eyJzdWIiOiI3NiIsInJvbGUiOiJhZG1pbiIsImlhdCI6MTc4NTkxND...VzcyIsImp0aSI6ImU4YjA3NmE3ODY1NDRlMzdhY2VmYThjNjM5NzkyYTIwIn0.ogla7dq3SQHiY2aqKt1BXRnM_YiqHSTPfZOKGhz0V5Q'}, 25, 26, 1)

    def test_reminded_course_can_start(client, actor_set):
        """[BUG-8] flows.md 速查表：提醒发出(reminded) → 开始上课(ongoing)。
    
        流程2.1 标准路径：课前15min 自动提醒 → 课程「提醒已发」→ 康复师点「开始上课」→ 进行中。
        当前实现 start_course 仅允许 scheduled → 409。
        """
        H_admin, H_ther, pid, tid, rid = actor_set
        cid = _create_course_api(client, H_admin, pid, tid, rid, day_offset=61)
    
        r = client.post(f"/api/v1/courses/{cid}/remind", headers=H_ther)
        assert r.status_code == 200, r.text
        assert r.json()["status"] == "reminded"
    
        r = client.post(f"/api/v1/courses/{cid}/start", headers=H_ther)
>       assert r.status_code == 200, (
            f"reminded 课程应可开始上课，实际 {r.status_code}: {r.text}（BUG-8）"
        )
E       AssertionError: reminded 课程应可开始上课，实际 409: {"detail":"Cannot start course in 'reminded' status. Expected 'scheduled'."}（BUG-8）
E       assert 409 == 200
E        +  where 409 = <Response [409 Conflict]>.status_code

tests\test_m2_flows.py:139: AssertionError
__________________ test_overdue_detection_notifies_therapist __________________

client = <starlette.testclient.TestClient object at 0x000002936144D0D0>
actor_set = ({'Authorization': 'Bearer eyJhbGciOiJIUzI1NiIsInR5cCI6IkpXVCJ9.eyJzdWIiOiI3OSIsInJvbGUiOiJhZG1pbiIsImlhdCI6MTc4NTkxND...VzcyIsImp0aSI6Ijk5MTA0YjFhMGM0MDQ2N2JhM2ZiZDFlMDhkZjVmMTM3In0.pLihW73zlH9gMvxovpfkF0FuJll59koVpLZVbWf5h2k'}, 26, 27, 1)
monkeypatch = <_pytest.monkeypatch.MonkeyPatch object at 0x0000029361EFF710>

    def test_overdue_detection_notifies_therapist(client, actor_set, monkeypatch):
        """[BUG-7] PRD §5 行4 / flows.md 流程2 异常分支：超时5min → 康复师收到站内信。
    
        当前实现 _overdue_detection 只生成 alert + 课程→abnormal，
        send_course_overdue_notification 从未被调用 → 康复师收不到通知。
        """
        H_admin, H_ther, pid, tid, rid = actor_set
        monkeypatch.setattr(st, "_now", lambda: FIXED)
        asyncio.run(
            _db_create_course(
                pid, tid, rid,
                FIXED - timedelta(minutes=30),  # 08:30 开始
                FIXED - timedelta(minutes=15),  # 08:45 结束（已超时）
            )
        )
    
        asyncio.run(st._overdue_detection())
    
        r = client.get("/api/v1/notifications", headers=H_ther)
        assert r.status_code == 200
        overdue = [i for i in r.json()["items"] if i["type"] == "course_overdue"]
>       assert len(overdue) >= 1, "超时后康复师应收到 course_overdue 通知（当前缺失 → BUG-7）"
E       AssertionError: 超时后康复师应收到 course_overdue 通知（当前缺失 → BUG-7）
E       assert 0 >= 1
E        +  where 0 = len([])

tests\test_m2_flows.py:169: AssertionError
=========================== short test summary info ===========================
FAILED tests/test_m2_flows.py::test_create_course_writes_course_new_notifications
FAILED tests/test_m2_flows.py::test_reminded_course_can_start - AssertionErro...
FAILED tests/test_m2_flows.py::test_overdue_detection_notifies_therapist - As...
=================== 3 failed, 95 passed in 78.96s (0:01:18) ===================
