============================= test session starts =============================
platform win32 -- Python 3.11.14, pytest-9.1.1, pluggy-1.6.0 -- C:\Users\zc_lizhiqian\projects\RehabFlow\backend\.venv\Scripts\python.exe
cachedir: .pytest_cache
rootdir: C:\Users\zc_lizhiqian\projects\RehabFlow\backend
plugins: anyio-4.12.1, asyncio-1.4.0
asyncio: mode=Mode.STRICT, debug=False, asyncio_default_fixture_loop_scope=None, asyncio_default_test_loop_scope=function
collecting ... collected 112 items

tests/test_alerts.py::test_list_alerts_open_only PASSED                  [  0%]
tests/test_alerts.py::test_list_alerts_admin_only PASSED                 [  1%]
tests/test_alerts.py::test_resolve_alert PASSED                          [  2%]
tests/test_alerts.py::test_ignore_alert PASSED                           [  3%]
tests/test_alerts.py::test_resolve_nonexistent_alert PASSED              [  4%]
tests/test_alerts.py::test_alert_idempotent PASSED                       [  5%]
tests/test_alerts.py::test_remind_creates_notifications_and_transitions PASSED [  6%]
tests/test_alerts.py::test_overdue_detection_creates_alert PASSED        [  7%]
tests/test_auth.py::test_register_all_roles PASSED                       [  8%]
tests/test_auth.py::test_register_duplicate_username_409 PASSED          [  8%]
tests/test_auth.py::test_register_invalid_role_422 PASSED                [  9%]
tests/test_auth.py::test_login_and_me_returns_role PASSED                [ 10%]
tests/test_auth.py::test_login_wrong_password_401 PASSED                 [ 11%]
tests/test_auth.py::test_me_without_token_401 PASSED                     [ 12%]
tests/test_auth.py::test_refresh_token_flow PASSED                       [ 13%]
tests/test_auth.py::test_refresh_with_access_token_401 PASSED            [ 14%]
tests/test_courses.py::test_course_state_machine_scheduled_ongoing_completed PASSED [ 15%]
tests/test_courses.py::test_start_requires_scheduled_only PASSED         [ 16%]
tests/test_courses.py::test_finish_requires_ongoing_only PASSED          [ 16%]
tests/test_courses.py::test_patient_soft_checkin_treating_ward PASSED    [ 17%]
tests/test_courses.py::test_status_logs_written PASSED                   [ 18%]
tests/test_dashboard.py::test_kpis_structure PASSED                      [ 19%]
tests/test_dashboard.py::test_kpis_inpatient_count PASSED                [ 20%]
tests/test_dashboard.py::test_kpis_treating_count_after_start PASSED     [ 21%]
tests/test_dashboard.py::test_distribution_structure PASSED              [ 22%]
tests/test_dashboard.py::test_distribution_seed_patients_ward PASSED     [ 23%]
tests/test_dashboard.py::test_workload_structure PASSED                  [ 24%]
tests/test_dashboard.py::test_workload_with_courses PASSED               [ 25%]
tests/test_dashboard.py::test_trend_structure PASSED                     [ 25%]
tests/test_dashboard.py::test_trend_fills_zero_for_empty_days PASSED     [ 26%]
tests/test_dashboard.py::test_dashboard_kpis_admin_only PASSED           [ 27%]
tests/test_dashboard.py::test_dashboard_distribution_admin_only PASSED   [ 28%]
tests/test_dashboard.py::test_dashboard_workload_admin_only PASSED       [ 29%]
tests/test_dashboard.py::test_dashboard_trend_admin_only PASSED          [ 30%]
tests/test_dashboard.py::test_dashboard_unauthenticated_401 PASSED       [ 31%]
tests/test_dashboard.py::test_kpis_exact_deltas_after_create_and_start PASSED [ 32%]
tests/test_dashboard.py::test_kpis_attendance_rate_exact_with_shifts PASSED [ 33%]
tests/test_dashboard.py::test_distribution_location_updates_after_start PASSED [ 33%]
tests/test_dashboard.py::test_workload_exact_count_two_courses PASSED    [ 34%]
tests/test_dashboard.py::test_trend_includes_today_and_7_days PASSED     [ 35%]
tests/test_dashboard.py::test_dashboard_patient_role_forbidden PASSED    [ 36%]
tests/test_dashboard.py::test_dashboard_doctor_role_forbidden PASSED     [ 37%]
tests/test_m2_flows.py::test_create_course_writes_course_new_notifications PASSED [ 38%]
tests/test_m2_flows.py::test_reminded_course_can_start PASSED            [ 39%]
tests/test_m2_flows.py::test_overdue_detection_notifies_therapist PASSED [ 40%]
tests/test_m2_flows.py::test_pre_class_reminder_idempotent PASSED        [ 41%]
tests/test_m2_flows.py::test_overdue_detection_idempotent PASSED         [ 41%]
tests/test_m2_flows.py::test_patrol_idempotent PASSED                    [ 42%]
tests/test_notifications.py::test_list_notifications_unread_first PASSED [ 43%]
tests/test_notifications.py::test_list_notifications_only_own PASSED     [ 44%]
tests/test_notifications.py::test_unread_count PASSED                    [ 45%]
tests/test_notifications.py::test_mark_read PASSED                       [ 46%]
tests/test_notifications.py::test_mark_all_read PASSED                   [ 47%]
tests/test_notifications.py::test_mark_read_not_own PASSED               [ 48%]
tests/test_patient360.py::test_overview_structure PASSED                 [ 49%]
tests/test_patient360.py::test_overview_current_location_from_status_log PASSED [ 50%]
tests/test_patient360.py::test_overview_includes_courses PASSED          [ 50%]
tests/test_patient360.py::test_overview_weekly_distribution PASSED       [ 51%]
tests/test_patient360.py::test_assessments_list_empty PASSED             [ 52%]
tests/test_patient360.py::test_assessments_create_and_list PASSED        [ 53%]
tests/test_patient360.py::test_assessments_sorted_desc PASSED            [ 54%]
tests/test_patient360.py::test_assessment_trend_returns_correct_type PASSED [ 55%]
tests/test_patient360.py::test_assessment_trend_empty_for_no_data PASSED [ 56%]
tests/test_patient360.py::test_doctor_sees_own_patients_200 PASSED       [ 57%]
tests/test_patient360.py::test_doctor_cannot_see_other_doctors_patients_404 PASSED [ 58%]
tests/test_patient360.py::test_therapist_only_can_create_assessment PASSED [ 58%]
tests/test_patient360.py::test_unauthenticated_overview_401 PASSED       [ 59%]
tests/test_patient360.py::test_doctor_accesses_assessments_200 PASSED    [ 60%]
tests/test_patient360.py::test_overview_location_treating_after_start PASSED [ 61%]
tests/test_patient360.py::test_overview_location_ward_after_finish PASSED [ 62%]
tests/test_patient360.py::test_patient_cannot_access_overview_403 PASSED [ 63%]
tests/test_patient360.py::test_therapist_cannot_see_unassigned_patient_404 PASSED [ 64%]
tests/test_patient360.py::test_unassigned_therapist_cannot_create_assessment_404 PASSED [ 65%]
tests/test_patient360.py::test_assessment_update_delete_not_implemented PASSED [ 66%]
tests/test_permissions.py::test_unauthenticated_protected_routes_401 PASSED [ 66%]
tests/test_permissions.py::test_patient_access_admin_route_403 PASSED    [ 67%]
tests/test_permissions.py::test_therapist_access_admin_route_403 PASSED  [ 68%]
tests/test_permissions.py::test_doctor_access_admin_route_403 PASSED     [ 69%]
tests/test_permissions.py::test_therapist_cannot_start_other_therapists_course_403 PASSED [ 70%]
tests/test_permissions.py::test_own_therapist_can_start_200 PASSED       [ 71%]
tests/test_permissions.py::test_admin_can_start_any_course_200 PASSED    [ 72%]
tests/test_query_api.py::test_admin_list_courses_200 PASSED              [ 73%]
tests/test_query_api.py::test_admin_can_filter_by_therapist_id PASSED    [ 74%]
tests/test_query_api.py::test_admin_can_filter_by_group PASSED           [ 75%]
tests/test_query_api.py::test_admin_can_filter_by_room_id PASSED         [ 75%]
tests/test_query_api.py::test_admin_can_filter_by_date_range PASSED      [ 76%]
tests/test_query_api.py::test_therapist_only_sees_own_courses PASSED     [ 77%]
tests/test_query_api.py::test_admin_get_course_detail_200 PASSED         [ 78%]
tests/test_query_api.py::test_therapist_get_own_course_detail_200 PASSED [ 79%]
tests/test_query_api.py::test_therapist_cannot_get_other_course_detail PASSED [ 80%]
tests/test_query_api.py::test_course_detail_404 PASSED                   [ 81%]
tests/test_query_api.py::test_admin_get_resources_200 PASSED             [ 82%]
tests/test_query_api.py::test_non_admin_cannot_access_resources PASSED   [ 83%]
tests/test_query_api.py::test_unauthorized_cannot_access_resources PASSED [ 83%]
tests/test_query_api.py::test_admin_get_pool_200 PASSED                  [ 84%]
tests/test_query_api.py::test_pool_excludes_patients_with_courses_today PASSED [ 85%]
tests/test_query_api.py::test_therapist_schedule_200_with_free_slots PASSED [ 86%]
tests/test_query_api.py::test_schedule_small_gaps_not_free_slots PASSED  [ 87%]
tests/test_query_api.py::test_non_therapist_cannot_access_schedule PASSED [ 88%]
tests/test_query_api.py::test_unauthorized_cannot_access_schedule PASSED [ 89%]
tests/test_query_api.py::test_schedule_only_own_courses PASSED           [ 90%]
tests/test_query_api.py::test_course_list_401_unauthenticated PASSED     [ 91%]
tests/test_scheduling.py::test_create_course_no_conflict_201 PASSED      [ 91%]
tests/test_scheduling.py::test_patient_conflict_same_time_409 PASSED     [ 92%]
tests/test_scheduling.py::test_therapist_conflict_same_time_409 PASSED   [ 93%]
tests/test_scheduling.py::test_patient_different_time_no_conflict_201 PASSED [ 94%]
tests/test_scheduling.py::test_course_15min_granularity_422 PASSED       [ 95%]
tests/test_scheduling.py::test_course_end_before_start_422 PASSED        [ 96%]
tests/test_scheduling.py::test_create_course_requires_admin_403 PASSED   [ 97%]
tests/test_smoke.py::test_full_chain_smoke PASSED                        [ 98%]
tests/test_smoke_m2.py::test_full_chain_smoke_m2 PASSED                  [ 99%]
tests/test_smoke_m3.py::test_full_chain_m1_to_m3 PASSED                  [100%]

======================= 112 passed in 92.87s (0:01:32) ========================
